This is XeTeX, Version 3.1415926-2.2-0.9995.1 (MiKTeX 2.8) (preloaded format=xelatex 2010.10.27)  6 NOV 2010 14:25
entering extended mode
**main.tex
("D:\My Works\PhD_Thesis\IASBS Thesis Style Last Version\main.tex"
LaTeX2e <2009/09/24>
Babel <v3.8l> and hyphenation patterns for english, dumylang, nohyphenation, ge
rman, ngerman, german-x-2009-06-19, ngerman-x-2009-06-19, french, loaded.

("D:\My Works\PhD_Thesis\IASBS Thesis Style Last Version\xepersian-thesis-iasbs
-ftex.cls"
Document Class: xepersian-thesis-iasbs-ftex 2009/01/05 v0.1 Persian thesis docu
ment class in XeLaTeX
("C:\Program Files\MiKTeX 2.8\tex\latex\base\report.cls"
Document Class: report 2007/10/19 v1.4h Standard LaTeX document class
("C:\Program Files\MiKTeX 2.8\tex\latex\base\size12.clo"
File: size12.clo 2007/10/19 v1.4h Standard LaTeX file (size option)
)
\c@part=\count80
\c@chapter=\count81
\c@section=\count82
\c@subsection=\count83
\c@subsubsection=\count84
\c@paragraph=\count85
\c@subparagraph=\count86
\c@figure=\count87
\c@table=\count88
\abovecaptionskip=\skip41
\belowcaptionskip=\skip42
\bibindent=\dimen102
))
("D:\My Works\PhD_Thesis\IASBS Thesis Style Last Version\definitions.tex"
("C:\Program Files\MiKTeX 2.8\tex\latex\geometry\geometry.sty"
Package: geometry 2010/09/12 v5.6 Page Geometry

("C:\Program Files\MiKTeX 2.8\tex\latex\graphics\keyval.sty"
Package: keyval 1999/03/16 v1.13 key=value parser (DPC)
\KV@toks@=\toks14
)
("C:\Program Files\MiKTeX 2.8\tex\generic\oberdiek\ifpdf.sty"
Package: ifpdf 2010/01/28 v2.1 Provides the ifpdf switch (HO)
Package ifpdf Info: pdfTeX in pdf mode not detected.
)
("C:\Program Files\MiKTeX 2.8\tex\generic\oberdiek\ifvtex.sty"
Package: ifvtex 2010/03/01 v1.5 Switches for detecting VTeX and its modes (HO)
Package ifvtex Info: VTeX not detected.
)
("C:\Program Files\MiKTeX 2.8\tex\generic\ifxetex\ifxetex.sty"
Package: ifxetex 2010/09/12 v0.6 Provides ifxetex conditional
)
\Gm@cnth=\count89
\Gm@cntv=\count90
\c@Gm@tempcnt=\count91
\Gm@bindingoffset=\dimen103
\Gm@wd@mp=\dimen104
\Gm@odd@mp=\dimen105
\Gm@even@mp=\dimen106
\Gm@layoutwidth=\dimen107
\Gm@layoutheight=\dimen108
\Gm@layouthoffset=\dimen109
\Gm@layoutvoffset=\dimen110
\Gm@dimlist=\toks15

("C:\Program Files\MiKTeX 2.8\tex\xelatex\xetexconfig\geometry.cfg"))
("C:\Program Files\MiKTeX 2.8\tex\latex\ams\math\amsmath.sty"
Package: amsmath 2000/07/18 v2.13 AMS math features
\@mathmargin=\skip43

For additional information on amsmath, use the `?' option.
("C:\Program Files\MiKTeX 2.8\tex\latex\ams\math\amstext.sty"
Package: amstext 2000/06/29 v2.01

("C:\Program Files\MiKTeX 2.8\tex\latex\ams\math\amsgen.sty"
File: amsgen.sty 1999/11/30 v2.0
\@emptytoks=\toks16
\ex@=\dimen111
))
("C:\Program Files\MiKTeX 2.8\tex\latex\ams\math\amsbsy.sty"
Package: amsbsy 1999/11/29 v1.2d
\pmbraise@=\dimen112
)
("C:\Program Files\MiKTeX 2.8\tex\latex\ams\math\amsopn.sty"
Package: amsopn 1999/12/14 v2.01 operator names
)
\inf@bad=\count92
LaTeX Info: Redefining \frac on input line 211.
\uproot@=\count93
\leftroot@=\count94
LaTeX Info: Redefining \overline on input line 307.
\classnum@=\count95
\DOTSCASE@=\count96
LaTeX Info: Redefining \ldots on input line 379.
LaTeX Info: Redefining \dots on input line 382.
LaTeX Info: Redefining \cdots on input line 467.
\Mathstrutbox@=\box26
\strutbox@=\box27
\big@size=\dimen113
LaTeX Font Info:    Redeclaring font encoding OML on input line 567.
LaTeX Font Info:    Redeclaring font encoding OMS on input line 568.
\macc@depth=\count97
\c@MaxMatrixCols=\count98
\dotsspace@=\muskip10
\c@parentequation=\count99
\dspbrk@lvl=\count100
\tag@help=\toks17
\row@=\count101
\column@=\count102
\maxfields@=\count103
\andhelp@=\toks18
\eqnshift@=\dimen114
\alignsep@=\dimen115
\tagshift@=\dimen116
\tagwidth@=\dimen117
\totwidth@=\dimen118
\lineht@=\dimen119
\@envbody=\toks19
\multlinegap=\skip44
\multlinetaggap=\skip45
\mathdisplay@stack=\toks20
LaTeX Info: Redefining \[ on input line 2666.
LaTeX Info: Redefining \] on input line 2667.
)
("C:\Program Files\MiKTeX 2.8\tex\latex\footmisc\footmisc.sty"
Package: footmisc 2009/09/15 v5.5a a miscellany of footnote facilities
\FN@temptoken=\toks21
\footnotemargin=\dimen120
\c@pp@next@reset=\count104
Package footmisc Info: Declaring symbol style bringhurst on input line 855.
Package footmisc Info: Declaring symbol style chicago on input line 863.
Package footmisc Info: Declaring symbol style wiley on input line 872.
Package footmisc Info: Declaring symbol style lamport-robust on input line 883.

Package footmisc Info: Declaring symbol style lamport* on input line 903.
Package footmisc Info: Declaring symbol style lamport*-robust on input line 924
.
)
("C:\Program Files\MiKTeX 2.8\tex\latex\bigfoot\perpage.sty"
Package: perpage 2006/07/15 1.12 Reset/sort counters per page
\c@abspage=\count105
)
\c@pp@a@footnote=\count106

("C:\Program Files\MiKTeX 2.8\tex\latex\cite\cite.sty"
LaTeX Info: Redefining \cite on input line 302.
LaTeX Info: Redefining \nocite on input line 373.
Package: cite 2010/09/10  v 5.3
)
("C:\Program Files\MiKTeX 2.8\tex\latex\setspace\setspace.sty"
Package: setspace 2000/12/01 6.7 Contributed and Supported LaTeX2e package

Package: `setspace' 6.7 <2000/12/01>
) ("C:\Program Files\MiKTeX 2.8\tex\latex\ltxmisc\parskip.sty"
Package: parskip 2001/04/09 non-zero parskip adjustments
)
("C:\Program Files\MiKTeX 2.8\tex\xelatex\xecolour\xecolour.sty"
Package: xecolour 2009/01/05 v0.1 Colour in XeLaTeX (Author: Vafa Khalighi)

("C:\Program Files\MiKTeX 2.8\tex\latex\fontspec\fontspec.sty"
Package: fontspec 2010/09/29 v2.1b Advanced font selection for XeLaTeX/LuaLaTeX


("C:\Program Files\MiKTeX 2.8\tex\latex\expl3\expl3.sty"
("C:\Program Files\MiKTeX 2.8\tex\latex\expl3\l3names.sty"
Package: l3names 2010/10/03 v2064 L3 Experimental Naming Scheme for TeX Primiti
ves
)
Package: expl3 2010/10/02 v2056 L3 Experimental code bundle wrapper

("C:\Program Files\MiKTeX 2.8\tex\latex\misc\etex.sty"
Package: etex 1998/03/26 v2.0 eTeX basic definition package (PEB)
\et@xins=\count107
)
("C:\Program Files\MiKTeX 2.8\tex\latex\expl3\l3basics.sty"
Package: l3basics 2010/10/03 v2063 L3 Experimental basic definitions
)
("C:\Program Files\MiKTeX 2.8\tex\latex\expl3\l3expan.sty"
Package: l3expan 2010/09/20 v2037 L3 Experimental Argument Expansion module
)
("C:\Program Files\MiKTeX 2.8\tex\latex\expl3\l3tl.sty"
Package: l3tl 2010/10/03 v2063 L3 Experimental Token Lists
)
("C:\Program Files\MiKTeX 2.8\tex\latex\expl3\l3int.sty"
Package: l3int 2010/10/09 v2070 L3 Experimental Integer module
\l_tmpa_int=\count108
\l_tmpb_int=\count109
\l_tmpc_int=\count110
\g_tmpa_int=\count111
\g_tmpb_int=\count112
\c_max_int=\count113
\g_tl_inline_level_int=\count114
)
("C:\Program Files\MiKTeX 2.8\tex\latex\expl3\l3quark.sty"
Package: l3quark 2010/09/20 v2036 L3 Experimental Quark Commands
)
("C:\Program Files\MiKTeX 2.8\tex\latex\expl3\l3seq.sty"
Package: l3seq 2010/03/29 v1879 L3 Experimental sequences and stacks
)
("C:\Program Files\MiKTeX 2.8\tex\latex\expl3\l3toks.sty"
Package: l3toks 2010/09/20 v2037 L3 Experimental Token Registers
\l_tmpb_toks=\toks22
\l_tmpc_toks=\toks23
\g_tmpa_toks=\toks24
\g_tmpb_toks=\toks25
\g_tmpc_toks=\toks26
\c_empty_toks=\toks27
\l_tl_replace_toks=\toks28
)
("C:\Program Files\MiKTeX 2.8\tex\latex\expl3\l3prg.sty"
Package: l3prg 2010/10/03 v2063 L3 Experimental control structures
\g_prg_inline_level_int=\count115
)
("C:\Program Files\MiKTeX 2.8\tex\latex\expl3\l3clist.sty"
Package: l3clist 2010/10/09 v2071 L3 Experimental comma separated lists
\g_clist_map_inline_int=\count116
)
("C:\Program Files\MiKTeX 2.8\tex\latex\expl3\l3token.sty"
Package: l3token 2010/10/03 v2063 L3 Experimental token investigation and manip
ulation
)
("C:\Program Files\MiKTeX 2.8\tex\latex\expl3\l3prop.sty"
Package: l3prop 2010/03/21 v1857 L3 Experimental Property Lists
\g_prop_inline_level_int=\count117
)
("C:\Program Files\MiKTeX 2.8\tex\latex\expl3\l3msg.sty"
Package: l3msg 2010/10/02 v2052 L3 Experimental LaTeX Messages module
\l_msg_redirect_classes_prop=\toks29
\l_msg_redirect_names_prop=\toks30
\l_msg_redirect_fatal_prop=\toks31
\l_msg_redirect_error_prop=\toks32
\l_msg_redirect_warning_prop=\toks33
\l_msg_redirect_info_prop=\toks34
\l_msg_redirect_log_prop=\toks35
\l_msg_redirect_trace_prop=\toks36
\l_msg_redirect_none_prop=\toks37
)
("C:\Program Files\MiKTeX 2.8\tex\latex\expl3\l3io.sty"
Package: l3io 2010/10/03 v2063 L3 Experimental i/o module
\g_iow_streams_prop=\toks38
\g_ior_streams_prop=\toks39
\l_iow_stream_int=\count118
)
("C:\Program Files\MiKTeX 2.8\tex\latex\expl3\l3skip.sty"
Package: l3skip 2010/10/03 v2063 L3 Experimental skip registers
\l_tmpa_skip=\skip46
\l_tmpb_skip=\skip47
\l_tmpc_skip=\skip48
\g_tmpa_skip=\skip49
\g_tmpb_skip=\skip50
\l_tmpa_dim=\dimen121
\l_tmpb_dim=\dimen122
\l_tmpc_dim=\dimen123
\l_tmpd_dim=\dimen124
\g_tmpa_dim=\dimen125
\g_tmpb_dim=\dimen126
)
("C:\Program Files\MiKTeX 2.8\tex\latex\expl3\l3box.sty"
Package: l3box 2010/09/26 v2048 L3 Experimental Box module
\l_tmpb_box=\box28
)
("C:\Program Files\MiKTeX 2.8\tex\latex\expl3\l3keyval.sty"
Package: l3keyval 2010/04/11 v1890 L3 Experimental keyval processing
\l_KV_level_int=\count119
)
("C:\Program Files\MiKTeX 2.8\tex\latex\expl3\l3keys.sty"
Package: l3keys 2010/10/13 v2075 L3 Experimental key-value support
\l_keys_choice_int=\count120
)
("C:\Program Files\MiKTeX 2.8\tex\latex\expl3\l3precom.sty"
Package: l3precom 2010/02/09 v1793 L3 Experimental precompilation module
\g_gen_sym_int=\count121
\g_ggen_sym_int=\count122
)
("C:\Program Files\MiKTeX 2.8\tex\latex\expl3\l3xref.sty"
Package: l3xref 2010/02/09 v1786 L3 Experimental cross referencing
\g_xref_all_curr_immediate_fields_prop=\toks40
\g_xref_all_curr_deferred_fields_prop=\toks41
)
("C:\Program Files\MiKTeX 2.8\tex\latex\expl3\l3file.sty"
Package: l3file 2010/03/21 v1853 L3 Experimental file loading
)
("C:\Program Files\MiKTeX 2.8\tex\latex\expl3\l3fp.sty"
Package: l3fp 2010/09/19 v2029 L3 Experimental floating-point operations
\c_forty_four=\count123
\c_one_hundred=\count124
\c_one_thousand=\count125
\c_one_million=\count126
\c_one_hundred_million=\count127
\c_five_hundred_million=\count128
\c_one_thousand_million=\count129
\c_fp_pi_by_four_decimal_int=\count130
\c_fp_pi_by_four_extended_int=\count131
\c_fp_pi_decimal_int=\count132
\c_fp_pi_extended_int=\count133
\c_fp_two_pi_decimal_int=\count134
\c_fp_two_pi_extended_int=\count135
\l_fp_count_int=\count136
\l_fp_div_offset_int=\count137
\l_fp_input_a_sign_int=\count138
\l_fp_input_a_integer_int=\count139
\l_fp_input_a_decimal_int=\count140
\l_fp_input_a_exponent_int=\count141
\l_fp_input_b_sign_int=\count142
\l_fp_input_b_integer_int=\count143
\l_fp_input_b_decimal_int=\count144
\l_fp_input_b_exponent_int=\count145
\l_fp_input_a_extended_int=\count146
\l_fp_input_b_extended_int=\count147
\l_fp_mul_a_i_int=\count148
\l_fp_mul_a_ii_int=\count149
\l_fp_mul_a_iii_int=\count150
\l_fp_mul_a_iv_int=\count151
\l_fp_mul_a_v_int=\count152
\l_fp_mul_a_vi_int=\count153
\l_fp_mul_b_i_int=\count154
\l_fp_mul_b_ii_int=\count155
\l_fp_mul_b_iii_int=\count156
\l_fp_mul_b_iv_int=\count157
\l_fp_mul_b_v_int=\count158
\l_fp_mul_b_vi_int=\count159
\l_fp_mul_output_int=\count160
\l_fp_output_sign_int=\count161
\l_fp_output_integer_int=\count162
\l_fp_output_decimal_int=\count163
\l_fp_output_exponent_int=\count164
\l_fp_output_extended_int=\count165
\l_fp_round_position_int=\count166
\l_fp_round_target_int=\count167
\l_fp_split_sign_int=\count168
\l_fp_tmp_int=\count169
\l_fp_trig_octant_int=\count170
\l_fp_trig_sign_int=\count171
\l_fp_trig_decimal_int=\count172
\l_fp_trig_extended_int=\count173
\l_fp_tmp_dim=\dimen127
\l_fp_tmp_skip=\skip51
)
("C:\Program Files\MiKTeX 2.8\tex\latex\expl3\l3luatex.sty"
Package: l3luatex 2010/07/18 v1985 L3 Experimental LuaTeX functions
\g_cctab_allocate_int=\count174
\g_cctab_stack_int=\count175
)
("C:\Program Files\MiKTeX 2.8\tex\latex\tools\calc.sty"
Package: calc 2007/08/22 v4.3 Infix arithmetic (KKT,FJ)
\calc@Acount=\count176
\calc@Bcount=\count177
\calc@Adimen=\dimen128
\calc@Bdimen=\dimen129
\calc@Askip=\skip52
\calc@Bskip=\skip53
LaTeX Info: Redefining \setlength on input line 76.
LaTeX Info: Redefining \addtolength on input line 77.
\calc@Ccount=\count178
\calc@Cskip=\skip54
))
("C:\Program Files\MiKTeX 2.8\tex\latex\xpackages\xbase\xparse.sty"
Package: xparse 2010/10/13 v2073 Generic document command parser
\c_xparse_shorthands_prop=\toks42
\l_xparse_m_args_int=\count179
\l_xparse_mandatory_args_int=\count180
\l_xparse_processor_int=\count181
\l_xparse_total_args_int=\count182
)
("C:\Program Files\MiKTeX 2.8\tex\generic\binhex\binhex.tex")
\l_fontspec_script_int=\count183
\l_fontspec_language_int=\count184
\l_fontspec_strnum_int=\count185
Variant \tl_gset:cV already defined; not changing it on line 79

("C:\Program Files\MiKTeX 2.8\tex\latex\xkeyval\xkeyval.sty"
Package: xkeyval 2008/08/13 v2.6a package option processing (HA)

("C:\Program Files\MiKTeX 2.8\tex\generic\xkeyval\xkeyval.tex"
\XKV@toks=\toks43
\XKV@tempa@toks=\toks44
\XKV@depth=\count186
File: xkeyval.tex 2008/08/13 v2.6a key=value parser (HA)
))
("C:\Program Files\MiKTeX 2.8\tex\latex\fontspec\fontspec-patches.sty"
Package: fontspec-patches 2010/09/29 v2.1b Advanced font selection for XeLaTeX/
LuaLaTeX

("C:\Program Files\MiKTeX 2.8\tex\latex\base\fixltx2e.sty"
Package: fixltx2e 2006/09/13 v1.1m fixes to LaTeX
LaTeX Info: Redefining \em on input line 420.
LaTeX Info: The control sequence `\[' is already robust on input line 471.
LaTeX Info: The control sequence `\]' is already robust on input line 472.
)
LaTeX Info: Redefining \em on input line 22.
LaTeX Info: Redefining \emph on input line 29.
LaTeX Info: Redefining \- on input line 32.
)
("C:\Program Files\MiKTeX 2.8\tex\latex\base\fontenc.sty"
Package: fontenc 2005/09/27 v1.99g Standard LaTeX package

("C:\Program Files\MiKTeX 2.8\tex\latex\euenc\eu1enc.def"
File: eu1enc.def 2010/05/27 v0.1h Experimental Unicode font encodings
)
LaTeX Font Info:    Try loading font information for EU1+lmr on input line 100.


("C:\Program Files\MiKTeX 2.8\tex\latex\euenc\eu1lmr.fd"
File: eu1lmr.fd 2009/10/30 v1.6 Font defs for Latin Modern
))
("C:\Program Files\MiKTeX 2.8\tex\xelatex\xunicode\xunicode.sty"
File: xunicode.sty 2008/02/08 v0.91 provides access to latin accents and many o
ther characters in Unicode lower plane
)
 LaTeX info: Defining document command \fontspec
(LaTeX)  with arg. spec. 'O{}m' on line 315.

 LaTeX info: Defining document command \setmainfont
(LaTeX)  with arg. spec. 'O{}m' on line 319.

 LaTeX info: Defining document command \setsansfont
(LaTeX)  with arg. spec. 'O{}m' on line 323.

 LaTeX info: Defining document command \setmonofont
(LaTeX)  with arg. spec. 'O{}m' on line 327.

 LaTeX info: Defining document command \setmathrm
(LaTeX)  with arg. spec. 'O{}m' on line 331.

 LaTeX info: Defining document command \setboldmathrm
(LaTeX)  with arg. spec. 'O{}m' on line 334.

 LaTeX info: Defining document command \setmathsf
(LaTeX)  with arg. spec. 'O{}m' on line 337.

 LaTeX info: Defining document command \setmathtt
(LaTeX)  with arg. spec. 'O{}m' on line 340.

 LaTeX info: Defining document command \newfontfamily
(LaTeX)  with arg. spec. 'mO{}m' on line 356.

 LaTeX info: Defining document command \newfontface
(LaTeX)  with arg. spec. 'mO{}m' on line 359.

 LaTeX info: Defining document command \defaultfontfeatures
(LaTeX)  with arg. spec. 'm' on line 362.

 LaTeX info: Defining document command \addfontfeatures
(LaTeX)  with arg. spec. 'm' on line 379.

 LaTeX info: Defining document command \newfontfeature
(LaTeX)  with arg. spec. 'mm' on line 386.

 LaTeX info: Defining document command \newAATfeature
(LaTeX)  with arg. spec. 'mmmm' on line 395.

 LaTeX info: Defining document command \newICUfeature
(LaTeX)  with arg. spec. 'mmm' on line 404.

 LaTeX info: Defining document command \aliasfontfeature
(LaTeX)  with arg. spec. 'mm' on line 406.

 LaTeX info: Defining document command \aliasfontfeatureoption
(LaTeX)  with arg. spec. 'mmm' on line 409.

 LaTeX info: Defining document command \newfontscript
(LaTeX)  with arg. spec. 'mm' on line 414.

 LaTeX info: Defining document command \newfontlanguage
(LaTeX)  with arg. spec. 'mm' on line 432.

 LaTeX info: Defining document command \DeclareFontsExtensions
(LaTeX)  with arg. spec. 'm' on line 449.

\c@fontspec_tmp_int=\count187
LaTeX Info: Redefining \itshape on input line 2016.
LaTeX Info: Redefining \slshape on input line 2020.
LaTeX Info: Redefining \scshape on input line 2024.
LaTeX Info: Redefining \upshape on input line 2028.

("C:\Program Files\MiKTeX 2.8\tex\latex\fontspec\fontspec.cfg")))
("C:\Program Files\MiKTeX 2.8\tex\latex\base\makeidx.sty"
Package: makeidx 2000/03/29 v1.0m Standard LaTeX package
)
("C:\Program Files\MiKTeX 2.8\tex\latex\tools\verbatim.sty"
Package: verbatim 2003/08/22 v1.5q LaTeX2e package for verbatim enhancements
\every@verbatim=\toks45
\verbatim@line=\toks46
\verbatim@in@stream=\read1
)
("C:\Program Files\MiKTeX 2.8\tex\latex\hyperref\hyperref.sty"
Package: hyperref 2010/10/30 v6.81t Hypertext links for LaTeX

("C:\Program Files\MiKTeX 2.8\tex\generic\oberdiek\ltxcmds.sty"
Package: ltxcmds 2010/04/26 v1.7 LaTeX kernel commands for general use (HO)
)
("C:\Program Files\MiKTeX 2.8\tex\generic\oberdiek\infwarerr.sty"
Package: infwarerr 2010/04/08 v1.3 Providing info/warning/message (HO)
)
("C:\Program Files\MiKTeX 2.8\tex\generic\oberdiek\kvsetkeys.sty"
Package: kvsetkeys 2010/03/01 v1.9 Key value parser (HO)

("C:\Program Files\MiKTeX 2.8\tex\generic\oberdiek\etexcmds.sty"
Package: etexcmds 2010/01/28 v1.3 Prefix for e-TeX command names (HO)
Package etexcmds Info: Could not find \expanded.
(etexcmds)             That can mean that you are not using pdfTeX 1.50 or
(etexcmds)             that some package has redefined \expanded.
(etexcmds)             In the latter case, load this package earlier.
))
("C:\Program Files\MiKTeX 2.8\tex\generic\oberdiek\pdfescape.sty"
Package: pdfescape 2010/03/01 v1.9 Provides hex, PDF name and string conversion
s (HO)

("C:\Program Files\MiKTeX 2.8\tex\generic\oberdiek\pdftexcmds.sty"
Package: pdftexcmds 2010/04/01 v0.9 Utility functions of pdfTeX for LuaTeX (HO)


("C:\Program Files\MiKTeX 2.8\tex\generic\oberdiek\ifluatex.sty"
Package: ifluatex 2010/03/01 v1.3 Provides the ifluatex switch (HO)
Package ifluatex Info: LuaTeX not detected.
)
Package pdftexcmds Info: LuaTeX not detected.
Package pdftexcmds Info: pdfTeX >= 1.30 not detected.
Package pdftexcmds Info: \pdf@primitive is available.
Package pdftexcmds Info: \pdf@ifprimitive is available.
))
("C:\Program Files\MiKTeX 2.8\tex\latex\oberdiek\hycolor.sty"
Package: hycolor 2009/12/12 v1.6 Color options of hyperref/bookmark (HO)

("C:\Program Files\MiKTeX 2.8\tex\latex\oberdiek\xcolor-patch.sty"
Package: xcolor-patch 2009/12/12 xcolor patch
))
("C:\Program Files\MiKTeX 2.8\tex\latex\oberdiek\letltxmacro.sty"
Package: letltxmacro 2008/06/24 v1.3 Let assignment for LaTeX macros (HO)
)
("C:\Program Files\MiKTeX 2.8\tex\latex\oberdiek\kvoptions.sty"
Package: kvoptions 2010/02/22 v3.7 Keyval support for LaTeX options (HO)
)
\@linkdim=\dimen130
\Hy@linkcounter=\count188
\Hy@pagecounter=\count189

("C:\Program Files\MiKTeX 2.8\tex\latex\hyperref\pd1enc.def"
File: pd1enc.def 2010/10/30 v6.81t Hyperref: PDFDocEncoding definition (HO)
)
("C:\Program Files\MiKTeX 2.8\tex\generic\oberdiek\intcalc.sty"
Package: intcalc 2007/09/27 v1.1 Expandable integer calculations (HO)
)
\Hy@SavedSpaceFactor=\count190

("C:\Program Files\MiKTeX 2.8\tex\latex\00miktex\hyperref.cfg"
File: hyperref.cfg 2002/06/06 v1.2 hyperref configuration of TeXLive
)
Package hyperref Info: Option `colorlinks' set `true' on input line 3872.
Package hyperref Info: Hyper figures OFF on input line 3976.
Package hyperref Info: Link nesting OFF on input line 3981.
Package hyperref Info: Hyper index ON on input line 3984.
Package hyperref Info: Plain pages OFF on input line 3991.
Package hyperref Info: Backreferencing OFF on input line 3996.
Package hyperref Info: Implicit mode ON; LaTeX internals redefined.
Package hyperref Info: Bookmarks ON on input line 4211.
\c@Hy@tempcnt=\count191

("C:\Program Files\MiKTeX 2.8\tex\xelatex\xetexurl\url.sty"
\Urlmuskip=\muskip11
Package: url 2004/03/15  ver 3.1  Verb mode for urls, etc.
)
LaTeX Info: Redefining \url on input line 4566.

("C:\Program Files\MiKTeX 2.8\tex\generic\oberdiek\bitset.sty"
Package: bitset 2007/09/28 v1.0 Data type bit set (HO)

("C:\Program Files\MiKTeX 2.8\tex\generic\oberdiek\bigintcalc.sty"
Package: bigintcalc 2007/11/11 v1.1 Expandable big integer calculations (HO)
))
\Fld@menulength=\count192
\Field@Width=\dimen131
\Fld@charsize=\dimen132
Package hyperref Info: Hyper figures OFF on input line 5626.
Package hyperref Info: Link nesting OFF on input line 5631.
Package hyperref Info: Hyper index ON on input line 5634.
Package hyperref Info: backreferencing OFF on input line 5641.
Package hyperref Info: Link coloring ON on input line 5644.
Package hyperref Info: Link coloring with OCG OFF on input line 5651.
Package hyperref Info: PDF/A mode OFF on input line 5656.
LaTeX Info: Redefining \ref on input line 5696.
LaTeX Info: Redefining \pageref on input line 5700.

("C:\Program Files\MiKTeX 2.8\tex\generic\oberdiek\atbegshi.sty"
Package: atbegshi 2010/03/25 v1.12 At begin shipout hook (HO)
)
\Hy@abspage=\count193
\c@Item=\count194
\c@Hfootnote=\count195
)

Package hyperref Message: Driver (autodetected): hxetex.

("C:\Program Files\MiKTeX 2.8\tex\latex\hyperref\hxetex.def"
File: hxetex.def 2010/10/30 v6.81t Hyperref driver for XeTeX

("C:\Program Files\MiKTeX 2.8\tex\latex\hyperref\puenc.def"
File: puenc.def 2010/10/30 v6.81t Hyperref: PDF Unicode definition (HO)
)
("C:\Program Files\MiKTeX 2.8\tex\generic\oberdiek\stringenc.sty"
Package: stringenc 2010/03/01 v1.8 Converts strings between encodings (HO)
)
\pdfm@box=\box29
\c@Hy@AnnotLevel=\count196
\HyField@AnnotCount=\count197
\Fld@listcount=\count198
\c@bookmark@seq@number=\count199

("C:\Program Files\MiKTeX 2.8\tex\latex\oberdiek\rerunfilecheck.sty"
Package: rerunfilecheck 2010/03/16 v1.6 Rerun checks for auxiliary files (HO)
Package rerunfilecheck Info: Feature \pdfmdfivesum is not available
(rerunfilecheck)             (e.g. pdfTeX or LuaTeX with package `pdftexcmds').

(rerunfilecheck)             Therefore file contents cannot be checked efficien
tly
(rerunfilecheck)             and the loading of the package is aborted.
)
\Hy@SectionHShift=\skip55
)
("C:\Program Files\MiKTeX 2.8\tex\latex\graphics\graphicx.sty"
Package: graphicx 1999/02/16 v1.0f Enhanced LaTeX Graphics (DPC,SPQR)

("C:\Program Files\MiKTeX 2.8\tex\latex\graphics\graphics.sty"
Package: graphics 2009/02/05 v1.0o Standard LaTeX Graphics (DPC,SPQR)

("C:\Program Files\MiKTeX 2.8\tex\latex\graphics\trig.sty"
Package: trig 1999/03/16 v1.09 sin cos tan (DPC)
)
("C:\Program Files\MiKTeX 2.8\tex\latex\00miktex\graphics.cfg"
File: graphics.cfg 2007/01/18 v1.5 graphics configuration of teTeX/TeXLive
)
Package graphics Info: Driver file: xetex.def on input line 91.

("C:\Program Files\MiKTeX 2.8\tex\xelatex\xetex-def\xetex.def"
File: xetex.def 2009/11/22 v0.94 LaTeX color/graphics driver for XeTeX (RRM/JK)

))
\Gin@req@height=\dimen133
\Gin@req@width=\dimen134
)
("C:\Program Files\MiKTeX 2.8\tex\latex\base\ifthen.sty"
Package: ifthen 2001/05/26 v1.1c Standard LaTeX ifthen package (DPC)
)
("C:\Program Files\MiKTeX 2.8\tex\xelatex\xepersian\xepersian.sty"
Package: xepersian 2010/07/25 v1.0.9a <commit 26> Persian typesetting in XeLaTe
X

("C:\Program Files\MiKTeX 2.8\tex\xelatex\xepersian\xepersian-persiancal.sty"
Package: xepersian-persiancal 2010/07/25 v0.1 provides Persian calendar
\XePersian@i=\count200
\XePersian@y=\count201
Normal \count register pool exhausted, switching to extended pool.
\XePersian@m=\count277
\XePersian@d=\count278
\XePersian@latini=\count279
\XePersian@persiani=\count280
\XePersian@latinii=\count281
\XePersian@persianii=\count282
\XePersian@latiniii=\count283
\XePersian@persianiii=\count284
\XePersian@latiniv=\count285
\XePersian@persianiv=\count286
\XePersian@latinv=\count287
\XePersian@persianv=\count288
\XePersian@latinvi=\count289
\XePersian@persianvi=\count290
\XePersian@latinvii=\count291
\XePersian@persianvii=\count292
\XePersian@latinviii=\count293
\XePersian@persianviii=\count294
\XePersian@latinix=\count295
\XePersian@persianix=\count296
\XePersian@latinx=\count297
\XePersian@persianx=\count298
\XePersian@latinxi=\count299
\XePersian@persianxi=\count300
\XePersian@latinxii=\count301
\XePersian@persianxii=\count302
\XePersian@persianxiii=\count303
\XePersian@temp=\count304
\XePersian@temptwo=\count305
\XePersian@tempthree=\count306
\XePersian@yModHundred=\count307
\XePersian@thirtytwo=\count308
\XePersian@dn=\count309
\XePersian@sn=\count310
\XePersian@mminusone=\count311
)
("C:\Program Files\MiKTeX 2.8\tex\xelatex\xepersian\xepersian-mathsdigitspec.st
y"
Package: xepersian-mathsdigitspec 2010/07/25 v0.6a Unicode Persian maths digits
 in XeLaTeX
) ("C:\Program Files\MiKTeX 2.8\tex\latex\etoolbox\etoolbox.sty"
Package: etoolbox 2010/09/12 v2.0a e-TeX tools for LaTeX
\etb@tempcnta=\count312
)
("C:\Program Files\MiKTeX 2.8\tex\latex\bidi\bidi.sty"
Package: bidi 2010/09/28 v1.1.5a <commit 98> Bidirectional typesetting in plain
 TeX and LaTeX

bidi package (Support for bidirectional typesetting in plain TeX and LaTeX)
 Description: A convenient interface for typesetting bidirectional
 texts in plain TeX and LaTeX. The package includes adaptations for use
 with many other commonly-used packages.
 Copyright © 2009-2010 Vafa Khalighi
 v1.1.5a, <commit 98>, 2010/09/28
 License: LaTeX Project Public License, version 1.3c or higher (your choice)
 Home: http://bitbucket.org/vafa/bidi
 Location on CTAN: /macros/latex/contrib/bidi
("C:\Program Files\MiKTeX 2.8\tex\latex\iftex\iftex.sty"
Package: iftex 2010/07/25 v0.2 Provides if(tex) conditional for PDFTeX, XeTeX, 
and LuaTeX
)
("C:\Program Files\MiKTeX 2.8\tex\latex\bidi\loadingorder-bidi.def"
File: loadingorder-bidi.def 2010/07/25 v0.5 making sure that bidi is the last p
ackage loaded
)
("C:\Program Files\MiKTeX 2.8\tex\latex\bidi\xetex-bidi.def"
File: xetex-bidi.def 2010/08/01 v0.8 bidi adaptations for XeTeX engine
\n@everypar=\toks47

("C:\Program Files\MiKTeX 2.8\tex\latex\bidi\footnote-xetex-bidi.def"
File: footnote-xetex-bidi.def 2010/07/25 v0.5 bidi footnote macros for XeTeX en
gine
)
("C:\Program Files\MiKTeX 2.8\tex\latex\bidi\report-xetex-bidi.def"
File: report-xetex-bidi.def 2010/07/25 v0.5 bidi adaptations for standard repor
t class for XeTeX engine
)
("C:\Program Files\MiKTeX 2.8\tex\latex\bidi\amsmath-xetex-bidi.def"
File: amsmath-xetex-bidi.def 2010/07/25 v0.2 bidi adaptations for amsmath packa
ge for XeTeX engine
LaTeX Info: Redefining \[ on input line 28.
LaTeX Info: Redefining \] on input line 29.
)
("C:\Program Files\MiKTeX 2.8\tex\latex\bidi\graphicx-xetex-bidi.def"
File: graphicx-xetex-bidi.def 2010/07/25 v0.3 bidi adaptations for graphicx pac
kage for XeTeX engine
)
("C:\Program Files\MiKTeX 2.8\tex\latex\bidi\hyperref-xetex-bidi.def"
File: hyperref-xetex-bidi.def 2010/07/25 v0.4 bidi adaptations for hyperref pac
kage for XeTeX engine
)))
xepersian package (Persian for LaTeX over XeTeX)
 Description: The package supports Persian
 typesetting, using fonts provided in the distribution.
 Copyright © 2008-2010 Vafa Khalighi
 v1.0.9a, <commit 26>, 2010/07/25
 License: LaTeX Project Public License, version 1.3c or higher (your choice)
 Home: http://bitbucket.org/vafa/xepersian
 Location on CTAN: /macros/xetex/latex/xepersian

("C:\Program Files\MiKTeX 2.8\tex\xelatex\xepersian\loadingorder-bidi-xepersian
.def"
File: loadingorder-bidi-xepersian.def 2010/07/25 v0.2 making sure that xepersia
n is the last package loaded
)
("C:\Program Files\MiKTeX 2.8\tex\xelatex\xepersian\footnote-bidi-xepersian.def
"
File: footnote-bidi-xepersian.def 2010/07/25 v0.2 footnote macros for xepersian
 package
) ("C:\Program Files\MiKTeX 2.8\tex\xelatex\xepersian\hyperref-xepersian.def"
File: hyperref-xepersian.def 2010/07/25 v0.3 bilingual captions for hyperref pa
ckage
) ("C:\Program Files\MiKTeX 2.8\tex\xelatex\xepersian\report-xepersian.def"
File: report-xepersian.def 2010/07/25 v0.2 adaptations for standard report clas
s
))
("C:\Program Files\MiKTeX 2.8\tex\latex\fncychap\fncychap.sty"
Package: fncychap 2007/07/30 v1.34 LaTeX package (Revised chapters)
\RW=\skip56
\mylen=\skip57
\myhi=\skip58
\px=\skip59
\py=\skip60
\pyy=\skip61
\pxx=\skip62
)
\g_fontspec_family_XB Niloofar_int=\count313
 fontspec info: Defining font family for 'XB Niloofar' with options [Script=Par
si,Language=Parsi,Mapping=parsidigits,Scale=1.07].

 fontspec info: Defining shape 'normal' with NFSS specification:
(fontspec)  <->s*[1.07]"XB Niloofar/ICU:script=arab;language=FAR;mapping=parsid
igits;"

 fontspec info: Defining shape 'bold' with NFSS specification:
(fontspec)  <->s*[1.07]"XB Niloofar/B/ICU:script=arab;language=FAR;mapping=pars
idigits;"

 fontspec info: Defining shape 'italic' with NFSS specification:
(fontspec)  <->s*[1.07]"XB Niloofar/I/ICU:script=arab;language=FAR;mapping=pars
idigits;"

 fontspec info: Defining shape 'bold italic' with NFSS specification:
(fontspec)  <->s*[1.07]"XB Niloofar/BI/ICU:script=arab;language=FAR;mapping=par
sidigits;"

LaTeX Font Info:    Font shape `EU1/XBNiloofar(0)/m/n' will be
(Font)              scaled to size 10.70007pt on input line 38.
\g_fontspec_family_Times New Roman_int=\count314
 fontspec info: Defining font family for 'Times New Roman' with options [Mappin
g=tex-text,Scale=1.05].

 fontspec info: Defining shape 'normal' with NFSS specification:
(fontspec)  <->s*[1.05]"Times New Roman/ICU:script=latn;language=DFLT;mapping=t
ex-text;"

 fontspec info: Defining shape 'bold' with NFSS specification:
(fontspec)  <->s*[1.05]"Times New Roman/B/ICU:script=latn;language=DFLT;mapping
=tex-text;"

 fontspec info: Defining shape 'italic' with NFSS specification:
(fontspec)  <->s*[1.05]"Times New Roman/I/ICU:script=latn;language=DFLT;mapping
=tex-text;"

 fontspec info: Defining shape 'bold italic' with NFSS specification:
(fontspec)  <->s*[1.05]"Times New Roman/BI/ICU:script=latn;language=DFLT;mappin
g=tex-text;"

\g_fontspec_family_Yas_int=\count315
 fontspec info: Defining font family for 'Yas' with options [Scale=1.05].

 fontspec info: Defining shape 'normal' with NFSS specification:
(fontspec)  <->s*[1.05]"Yas/ICU:script=latn;language=DFLT;"

 fontspec info: Defining shape 'bold' with NFSS specification:
(fontspec)  <->s*[1.05]"Yas/B/ICU:script=latn;language=DFLT;"

 fontspec info: Defining shape 'italic' with NFSS specification:
(fontspec)  <->s*[1.05]"Yas/I/ICU:script=latn;language=DFLT;"

 fontspec info: Defining shape 'bold italic' with NFSS specification:
(fontspec)  <->s*[1.05]"Yas/BI/ICU:script=latn;language=DFLT;"

Package xepersian-mathsdigitspec Info: Defining the default Persian maths digit
s font as 'Yas' on input line 40.
\symOPERATORS=\mathgroup4

 fontspec warning: Language 'Parsi' not available
(fontspec)  for font 'IranNastaliq' with script 'Parsi'.
(fontspec)  'Default' language used instead.

\g_fontspec_family_IranNastaliq_int=\count316
 fontspec info: Defining font family for 'IranNastaliq' with options [Script=Pa
rsi,Language=Parsi,Mapping=parsidigits,Scale=2.0].

 fontspec info: Defining shape 'normal' with NFSS specification:
(fontspec)  <->s*[2.0]"IranNastaliq/ICU:script=arab;language=DFLT;mapping=parsi
digits;"

 fontspec info: Could not resolve font IranNastaliq/B (it probably doesn't exis
t).

 fontspec info: Could not resolve font IranNastaliq/I (it probably doesn't exis
t).

 fontspec info: Could not resolve font IranNastaliq/BI (it probably doesn't exi
st).

 fontspec warning: Language 'Parsi' not available
(fontspec)  for font 'IranNastaliq' with script 'Parsi'.
(fontspec)  'Default' language used instead.

 fontspec info: Defining font family for 'IranNastaliq' with options [Script=Pa
rsi,Language=Parsi,Mapping=parsidigits,Scale=1.0].

 fontspec info: Defining shape 'normal' with NFSS specification:
(fontspec)  <->s*[1.0]"IranNastaliq/ICU:script=arab;language=DFLT;mapping=parsi
digits;"

 fontspec info: Could not resolve font IranNastaliq/B (it probably doesn't exis
t).

 fontspec info: Could not resolve font IranNastaliq/I (it probably doesn't exis
t).

 fontspec info: Could not resolve font IranNastaliq/BI (it probably doesn't exi
st).

\g_fontspec_family_XP Ziba_int=\count317
 fontspec info: Defining font family for 'XP Ziba' with options [Script=Parsi,L
anguage=Parsi,Mapping=parsidigits,Scale=1.2].

 fontspec info: Defining shape 'normal' with NFSS specification:
(fontspec)  <->s*[1.2]"XP Ziba/ICU:script=arab;language=FAR;mapping=parsidigits
;"

 fontspec info: Defining shape 'bold' with NFSS specification:
(fontspec)  <->s*[1.2]"XP Ziba/B/ICU:script=arab;language=FAR;mapping=parsidigi
ts;"

 fontspec info: Defining shape 'italic' with NFSS specification:
(fontspec)  <->s*[1.2]"XP Ziba/I/ICU:script=arab;language=FAR;mapping=parsidigi
ts;"

 fontspec info: Defining shape 'bold italic' with NFSS specification:
(fontspec)  <->s*[1.2]"XP Ziba/BI/ICU:script=arab;language=FAR;mapping=parsidig
its;"

\@indexfile=\write3
Writing index file main.idx
) ("D:\My Works\PhD_Thesis\IASBS Thesis Style Last Version\main.aux"
("D:\My Works\PhD_Thesis\IASBS Thesis Style Last Version\introduction.aux")
("D:\My Works\PhD_Thesis\IASBS Thesis Style Last Version\chapter_1.aux")
("D:\My Works\PhD_Thesis\IASBS Thesis Style Last Version\chapter_2.aux")
("D:\My Works\PhD_Thesis\IASBS Thesis Style Last Version\chapter_3.aux")
("D:\My Works\PhD_Thesis\IASBS Thesis Style Last Version\chapter_4.aux")
("D:\My Works\PhD_Thesis\IASBS Thesis Style Last Version\appendix_1.aux")
("D:\My Works\PhD_Thesis\IASBS Thesis Style Last Version\appendix_2.aux")
("D:\My Works\PhD_Thesis\IASBS Thesis Style Last Version\FE.aux"))
LaTeX Font Info:    Checking defaults for OML/cmm/m/it on input line 10.
LaTeX Font Info:    ... okay on input line 10.
LaTeX Font Info:    Checking defaults for T1/cmr/m/n on input line 10.
LaTeX Font Info:    ... okay on input line 10.
LaTeX Font Info:    Checking defaults for OT1/cmr/m/n on input line 10.
LaTeX Font Info:    ... okay on input line 10.
LaTeX Font Info:    Checking defaults for OMS/cmsy/m/n on input line 10.
LaTeX Font Info:    ... okay on input line 10.
LaTeX Font Info:    Checking defaults for OMX/cmex/m/n on input line 10.
LaTeX Font Info:    ... okay on input line 10.
LaTeX Font Info:    Checking defaults for U/cmr/m/n on input line 10.
LaTeX Font Info:    ... okay on input line 10.
LaTeX Font Info:    Checking defaults for EU1/lmr/m/n on input line 10.
LaTeX Font Info:    ... okay on input line 10.
LaTeX Font Info:    Checking defaults for PD1/pdf/m/n on input line 10.
LaTeX Font Info:    ... okay on input line 10.
LaTeX Font Info:    Checking defaults for PU/pdf/m/n on input line 10.
LaTeX Font Info:    ... okay on input line 10.
LaTeX Font Info:    Font shape `EU1/XBNiloofar(0)/m/n' will be
(Font)              scaled to size 12.84009pt on input line 10.

*geometry* detected driver: pdftex
*geometry* verbose mode - [ preamble ] result:
* driver: pdftex
* paper: a4paper
* layout: <same size as paper>
* layoutoffset:(h,v)=(0.0pt,0.0pt)
* modes: 
* h-part:(L,W,R)=(85.35826pt, 426.79135pt, 85.35826pt)
* v-part:(T,H,B)=(99.58464pt, 631.65118pt, 113.81102pt)
* \paperwidth=597.50787pt
* \paperheight=845.04684pt
* \textwidth=426.79135pt
* \textheight=631.65118pt
* \oddsidemargin=13.08827pt
* \evensidemargin=13.08827pt
* \topmargin=-9.68535pt
* \headheight=12.0pt
* \headsep=25.0pt
* \topskip=12.0pt
* \footskip=30.0pt
* \marginparwidth=35.0pt
* \marginparsep=10.0pt
* \columnsep=10.0pt
* \skip\footins=10.8pt plus 4.0pt minus 2.0pt
* \hoffset=0.0pt
* \voffset=0.0pt
* \mag=1000
* \@twocolumnfalse
* \@twosidefalse
* \@mparswitchfalse
* \@reversemarginfalse
* (1in=72.27pt=25.4mm, 1cm=28.453pt)

\AtBeginShipoutBox=\box30
("C:\Program Files\MiKTeX 2.8\tex\latex\graphics\color.sty"
Package: color 2005/11/14 v1.0j Standard LaTeX Color (DPC)

("C:\Program Files\MiKTeX 2.8\tex\latex\00miktex\color.cfg"
File: color.cfg 2007/01/18 v1.5 color configuration of teTeX/TeXLive
)
Package color Info: Driver file: xetex.def on input line 130.
)
Package hyperref Info: Link coloring ON on input line 10.

("C:\Program Files\MiKTeX 2.8\tex\latex\hyperref\nameref.sty"
Package: nameref 2010/04/30 v2.40 Cross-referencing by name of section

("C:\Program Files\MiKTeX 2.8\tex\latex\oberdiek\refcount.sty"
Package: refcount 2008/08/11 v3.1 Data extraction from references (HO)
)
("C:\Program Files\MiKTeX 2.8\tex\generic\oberdiek\gettitlestring.sty"
Package: gettitlestring 2009/12/18 v1.3 Cleanup title references (HO)
)
\c@section@level=\count318
)
LaTeX Info: Redefining \ref on input line 10.
LaTeX Info: Redefining \pageref on input line 10.
LaTeX Info: Redefining \nameref on input line 10.

("D:\My Works\PhD_Thesis\IASBS Thesis Style Last Version\main.out")
("D:\My Works\PhD_Thesis\IASBS Thesis Style Last Version\main.out")
\@outlinefile=\write4
Package xepersian Info: “You have not specified any font for the digits in ma
ths mode and so the digits in maths mode will appear Latin. If you would like t
o have Persian digits in maths mode, then please specify a font for the digits 
in maths mode by using \setdigitfont CS, and then try to run xelatex on your do
cument again” on input line 10.
File: logo-fa.eps Graphic file (type eps)

<logo-fa.eps>
LaTeX Font Info:    Font shape `EU1/XBNiloofar(0)/m/n' will be
(Font)              scaled to size 26.62178pt on input line 30.
LaTeX Font Info:    Font shape `EU1/XBNiloofar(0)/bx/n' will be
(Font)              scaled to size 26.62178pt on input line 30.
LaTeX Font Info:    Font shape `EU1/XBNiloofar(0)/m/n' will be
(Font)              scaled to size 18.48972pt on input line 30.
LaTeX Font Info:    Font shape `EU1/XBNiloofar(0)/bx/n' will be
(Font)              scaled to size 18.48972pt on input line 30.
LaTeX Font Info:    Font shape `EU1/XBNiloofar(0)/m/n' will be
(Font)              scaled to size 22.19196pt on input line 30.

("C:\Program Files\MiKTeX 2.8\tex\generic\oberdiek\se-ascii-print.def"
File: se-ascii-print.def 2010/03/01 v1.8 stringenc: Printable ASCII characters
)
[1

]
File: besm.png Graphic file (type QTm)
 <use  "besm.png" > [2]
LaTeX Font Info:    Font shape `EU1/IranNastaliq(0)/m/n' will be
(Font)              scaled to size 49.76001pt on input line 35.
 [3]
LaTeX Font Info:    Font shape `EU1/IranNastaliq(1)/m/n' will be
(Font)              scaled to size 24.88pt on input line 41.

("D:\My Works\PhD_Thesis\IASBS Thesis Style Last Version\thanks.tex") [4]
LaTeX Font Info:    Font shape `EU1/XBNiloofar(0)/m/n' will be
(Font)              scaled to size 15.4081pt on input line 44.
LaTeX Font Info:    Font shape `EU1/XBNiloofar(0)/bx/n' will be
(Font)              scaled to size 15.4081pt on input line 44.
LaTeX Font Info:    Font shape `EU1/XBNiloofar(0)/m/n' will be
(Font)              scaled to size 11.71657pt on input line 44.

("D:\My Works\PhD_Thesis\IASBS Thesis Style Last Version\abstract_fa.tex"
LaTeX Font Info:    Font shape `EU1/XBNiloofar(0)/bx/n' will be
(Font)              scaled to size 12.84009pt on input line 2.
LaTeX Font Info:    Font shape `EU1/XBNiloofar(0)/m/it' will be
(Font)              scaled to size 12.84009pt on input line 2.
)
[5] ("D:\My Works\PhD_Thesis\IASBS Thesis Style Last Version\main.toc"
LaTeX Font Info:    Font shape `EU1/Yas(0)/m/n' will be
(Font)              scaled to size 12.60004pt on input line 1.
LaTeX Font Info:    Font shape `EU1/Yas(0)/m/n' will be
(Font)              scaled to size 8.40002pt on input line 1.
LaTeX Font Info:    Font shape `EU1/Yas(0)/m/n' will be
(Font)              scaled to size 6.30002pt on input line 1.
 [6

