\BOOKMARK [1][-]{section*.1}{Abstract}{}% 1
\BOOKMARK [0][-]{chapter.1}{Introduction}{}% 2
\BOOKMARK [1][-]{section.1.1}{Background\040&\040Motivation}{chapter.1}% 3
\BOOKMARK [1][-]{section.1.2}{Partial\040Differential\040Equations}{chapter.1}% 4
\BOOKMARK [1][-]{section.1.3}{Uncertainty\040Quantification}{chapter.1}% 5
\BOOKMARK [1][-]{section.1.4}{Artificial\040Neural\040Network}{chapter.1}% 6
\BOOKMARK [1][-]{section.1.5}{An\040Overview\040of\040Classical\040Numerical\040Methods}{chapter.1}% 7
\BOOKMARK [1][-]{section.1.6}{Problem\040Statement\040and\040Contributions}{chapter.1}% 8
\BOOKMARK [1][-]{section.1.7}{Results}{chapter.1}% 9
\BOOKMARK [2][-]{subsection.1.7.1}{Effective\040Conductance\040in\040Inhomogeneus\040Media}{section.1.7}% 10
\BOOKMARK [2][-]{subsection.1.7.2}{Nonlinear Shrödinger Equation}{section.1.7}% 11
\BOOKMARK [1][-]{section.1.8}{Thesis\040Structure}{chapter.1}% 12
\BOOKMARK [0][-]{chapter.2}{Mathematical\040Preliminaries}{}% 13
\BOOKMARK [1][-]{section.2.1}{Functional\040Analysis}{chapter.2}% 14
\BOOKMARK [2][-]{subsection.2.1.1}{Measure\040Spaces}{section.2.1}% 15
\BOOKMARK [2][-]{subsection.2.1.2}{Lebesgue\040Integration}{section.2.1}% 16
\BOOKMARK [2][-]{subsection.2.1.3}{Sobolev\040Spaces}{section.2.1}% 17
\BOOKMARK [1][-]{section.2.2}{Finite\040Element\040Method}{chapter.2}% 18
\BOOKMARK [2][-]{subsection.2.2.1}{Weak\040Solutions\040to\040Elliptic\040Problems}{section.2.2}% 19
\BOOKMARK [2][-]{subsection.2.2.2}{The\040Self-Adjoint\040Elliptic\040Problem}{section.2.2}% 20
\BOOKMARK [1][-]{section.2.3}{Neural\040Network}{chapter.2}% 21
\BOOKMARK [0][-]{chapter.3}{Mathematical\040Models}{}% 22
\BOOKMARK [1][-]{section.3.1}{Effective\040Coefficients\040for\040Inhomogeneous\040Elliptic\040Equation}{chapter.3}% 23
\BOOKMARK [2][-]{subsection.3.1.1}{Theoretical\040Justification\040of\040Deep\040Neural\040Network\040Representation}{section.3.1}% 24
\BOOKMARK [1][-]{section.3.2}{None Linear Schrödinger Equation with Inhomogeneous Background Potential}{chapter.3}% 25
\BOOKMARK [0][-]{chapter.4}{Results}{}% 26
\BOOKMARK [1][-]{section.4.1}{Neural\040Network\040Architecture}{chapter.4}% 27
\BOOKMARK [1][-]{section.4.2}{Effective\040Conductance\040in\040Inhomogeneus\040Media}{chapter.4}% 28
\BOOKMARK [1][-]{section.4.3}{Nonlinear Shrödinger Equation}{chapter.4}% 29
\BOOKMARK [1][-]{section.4.4}{Conclusion}{chapter.4}% 30
\BOOKMARK [1][-]{section.4.5}{Future\040Work}{chapter.4}% 31
\BOOKMARK [0][-]{chapter.5}{Summary\040of\040the\040thesis\040in\040Persian}{}% 32
